\BOOKMARK [1][-]{section.1}{\376\377\000C\000'\000e\000s\000t\000\040\000q\000u\000o\000i\000\040\000R\000?}{}% 1
\BOOKMARK [1][-]{section.2}{\376\377\000R\000\040\000v\000s\000.\000\040\000R\000S\000t\000u\000d\000i\000o\000\040\000v\000s\000.\000\040\000R\000S\000t\000u\000d\000i\000o\000\040\000C\000l\000o\000u\000d}{}% 2
\BOOKMARK [1][-]{section.3}{\376\377\000R\000S\000t\000u\000d\000i\000o\000\040\000C\000l\000o\000u\000d\000\040\040\023\000\040\000L\000a\000\040\000b\000a\000s\000e}{}% 3
\BOOKMARK [2][-]{subsection.3.1}{\376\377\000C\000o\000n\000n\000e\000x\000i\000o\000n}{section.3}% 4
\BOOKMARK [2][-]{subsection.3.2}{\376\377\000I\000n\000t\000e\000r\000f\000a\000c\000e}{section.3}% 5
\BOOKMARK [1][-]{section.4}{\376\377\000H\000e\000l\000l\000o\000W\000o\000r\000l\000d}{}% 6
\BOOKMARK [2][-]{subsection.4.1}{\376\377\000W\000o\000r\000k\000f\000l\000o\000w}{section.4}% 7
\BOOKMARK [3][-]{subsubsection.4.1.1}{\376\377\000A\000r\000b\000o\000r\000e\000s\000c\000e\000n\000c\000e}{subsection.4.1}% 8
\BOOKMARK [3][-]{subsubsection.4.1.2}{\376\377\000C\000o\000m\000m\000e\000n\000t\000a\000i\000r\000e\000s}{subsection.4.1}% 9
\BOOKMARK [3][-]{subsubsection.4.1.3}{\376\377\000R\000a\000c\000c\000o\000u\000r\000c\000i\000s\000\040\000c\000l\000a\000v\000i\000e\000r}{subsection.4.1}% 10
\BOOKMARK [1][-]{section.5}{\376\377\000I\000n\000t\000r\000o\000\040\000\340\000\040\000l\000a\000\040\000p\000r\000o\000g\000r\000a\000m\000m\000a\000t\000i\000o\000n\000\040\000e\000n\000\040\000R}{}% 11
\BOOKMARK [2][-]{subsection.5.1}{\376\377\000\307\000a\000\040\000v\000a\000\040\000b\000i\000e\000n\000\040\000a\000l\000l\000e\000r}{section.5}% 12
\BOOKMARK [2][-]{subsection.5.2}{\376\377\000O\000p\000\351\000r\000a\000t\000e\000u\000r\000s}{section.5}% 13
\BOOKMARK [3][-]{subsubsection.5.2.1}{\376\377\000O\000p\000\351\000r\000a\000t\000e\000u\000r\000s\000\040\000d\000e\000\040\000c\000a\000l\000c\000u\000l}{subsection.5.2}% 14
\BOOKMARK [3][-]{subsubsection.5.2.2}{\376\377\000O\000p\000\351\000r\000a\000t\000e\000u\000r\000s\000\040\000d\000'\000a\000s\000s\000i\000g\000n\000e\000m\000e\000n\000t}{subsection.5.2}% 15
\BOOKMARK [3][-]{subsubsection.5.2.3}{\376\377\000O\000p\000\351\000r\000a\000t\000e\000u\000r\000s\000\040\000l\000o\000g\000i\000q\000u\000e\000s}{subsection.5.2}% 16
\BOOKMARK [3][-]{subsubsection.5.2.4}{\376\377\000I\000n\000s\000t\000r\000u\000c\000t\000i\000o\000n\000s\000\040\000d\000e\000\040\000c\000o\000n\000t\000r\000\364\000l\000e}{subsection.5.2}% 17
\BOOKMARK [2][-]{subsection.5.3}{\376\377\000S\000t\000r\000u\000c\000t\000u\000r\000e\000\040\000d\000e\000\040\000d\000o\000n\000n\000\351\000e\000s}{section.5}% 18
\BOOKMARK [3][-]{subsubsection.5.3.1}{\376\377\000T\000y\000p\000e\000s\000\040\000d\000e\000\040\000d\000o\000n\000n\000\351\000e\000s\000\040\000e\000t\000\040\000c\000o\000n\000s\000t\000a\000n\000t\000e\000s}{subsection.5.3}% 19
\BOOKMARK [3][-]{subsubsection.5.3.2}{\376\377\000V\000e\000c\000t\000e\000u\000r\000s}{subsection.5.3}% 20
\BOOKMARK [3][-]{subsubsection.5.3.3}{\376\377\000D\000a\000t\000a\000\040\000f\000r\000a\000m\000e\000s}{subsection.5.3}% 21
\BOOKMARK [1][-]{section.6}{\376\377\000I\000m\000p\000o\000r\000t\000a\000t\000i\000o\000n\000\040\000d\000e\000\040\000d\000o\000n\000n\000\351\000e\000s}{}% 22
\BOOKMARK [2][-]{subsection.6.1}{\376\377\000I\000m\000p\000o\000r\000t\000a\000t\000i\000o\000n\000\040\000d\000e\000\040\000d\000o\000n\000n\000\351\000e\000s}{section.6}% 23
\BOOKMARK [1][-]{section.7}{\376\377\000A\000n\000a\000l\000y\000s\000e\000\040\000-\000\040\000D\000e\000s\000c\000r\000i\000p\000t\000i\000o\000n}{}% 24
\BOOKMARK [2][-]{subsection.7.1}{\376\377\000U\000n\000i\000v\000a\000r\000i\000\351\000e}{section.7}% 25
\BOOKMARK [2][-]{subsection.7.2}{\376\377\000B\000i\000v\000a\000r\000i\000\351\000e}{section.7}% 26
\BOOKMARK [1][-]{section.8}{\376\377\000A\000n\000a\000l\000y\000s\000e\000\040\000-\000\040\000R\000\351\000g\000r\000e\000s\000s\000i\000o\000n\000\040\000l\000i\000n\000\351\000a\000i\000r\000e\000\040\000s\000i\000m\000p\000l\000e\000\040\000e\000t\000\040\000m\000u\000l\000t\000i\000p\000l\000e}{}% 27
\BOOKMARK [1][-]{section.9}{\376\377\000V\000i\000s\000u\000a\000l\000i\000s\000a\000t\000i\000o\000n}{}% 28
